*** H8/300H ASSEMBLER (Evaluation software) Ver.1.0 ***     01/16/25 13:06:37                                            PAGE     1
PROGRAM NAME =

    1                             1                     .cpu            300HA
    2 000000                      2                     .section        A,code,locate=H'000000
    3 000000 00000100             3                     .data.l         reset
    4 000100                      4                     .section        B,code,locate=H'000100
    5 000100 7A0700FFFF10         5     reset:          mov.l           #H'FFFF10,ER7
    6 000106 580002B6             6                     bra             main
    7        00FFFFB8             7     smr1            .equ            H'00FFFFB8
    8        00FFFFB9             8     brr1            .equ            H'00FFFFB9
    9        00FFFFBA             9     scr1            .equ            H'00FFFFBA
   10        00FFFFBB            10     tdr1            .equ            H'00FFFFBB
   11        00FFFFBC            11     ssr1            .equ            H'00FFFFBC
   12        00FFFFBD            12     rdr1            .equ            H'00FFFFBD
   13        0000010A            13     init            .equ            $
   14 00010A 01006DF6            14                     push.l          ER6
   15 00010E 0FF6                15                     mov.l           ER7,ER6
   16 000110 01006DF5            16                     push.l          ER5
   17 000114 01006DF4            17                     push.l          ER4
   18 000118 01006DF3            18                     push.l          ER3
   19 00011C 01006DF2            19                     push.l          ER2
   20 000120 01006DF1            20                     push.l          ER1
   21 000124 01006DF0            21                     push.l          ER0
   22 000128 7A370000000C        22                     sub.l           #12,ER7
   23 00012E 01006B200000043C    23                     mov.l           @L0009,ER0
   24 000136 38BA                24                     mov.b           R0L,@scr1
   25 000138 01006B200000043C    25                     mov.l           @L0009,ER0
   26 000140 38B8                26                     mov.b           R0L,@smr1
   27 000142 01006B2000000440    27                     mov.l           @L0010,ER0
   28 00014A 38B9                28                     mov.b           R0L,@brr1
   29 00014C 01006B2000000444    29                     mov.l           @L0011,ER0
   30 000154 01006FE0FFE4        30                     mov.l           ER0,@(-28,ER6)
   31        0000015A            31     L0000           .equ            $
   32 00015A 01006F60FFE4        32                     mov.l           @(-28,ER6),ER0
   33 000160 01006B210000043C    33                     mov.l           @L0009,ER1
   34 000168 1F90                34                     cmp.l           ER1,ER0
   35 00016A 5860000A            35                     bne             L0012
   36 00016E 7A0000000000        36                     mov.l           #H'00000000,ER0
   37 000174 58000006            37                     bra             L0013
   38 000178 7A00FFFFFFFF        38     L0012:          mov.l           #H'FFFFFFFF,ER0
   39        0000017E            39     L0013           .equ            $
   40 00017E 01F06600            40                     and.l           ER0,ER0
   41 000182 58700018            41                     beq             L0001
   42 000186 01006F60FFE4        42                     mov.l           @(-28,ER6),ER0
   43 00018C 01006B2100000448    43                     mov.l           @L0014,ER1
   44 000194 1A90                44                     sub.l           ER1,ER0
   45 000196 01006FE0FFE4        45                     mov.l           ER0,@(-28,ER6)
   46 00019C 40BC                46                     bra             L0000
   47        0000019E            47     L0001           .equ            $
   48 00019E 01006B200000044C    48                     mov.l           @L0015,ER0
   49 0001A6 38BA                49                     mov.b           R0L,@scr1
   50 0001A8 28BC                50                     mov.b           @ssr1,R0L
   51 0001AA 17D0                51                     exts.w          R0
   52 0001AC 17F0                52                     exts.l          ER0
   53 0001AE 01006FE0FFE0        53                     mov.l           ER0,@(-32,ER6)
   54 0001B4 01006B2000000450    54                     mov.l           @L0016,ER0
   55 0001BC 38BC                55                     mov.b           R0L,@ssr1
   56        000001BE            56     L0008           .equ            $
   57 0001BE 7A170000000C        57                     add.l           #12,ER7
*** H8/300H ASSEMBLER (Evaluation software) Ver.1.0 ***     01/16/25 13:06:37                                            PAGE     2
PROGRAM NAME =

   58 0001C4 01006D70            58                     pop.l           ER0
   59 0001C8 01006D71            59                     pop.l           ER1
   60 0001CC 01006D72            60                     pop.l           ER2
   61 0001D0 01006D73            61                     pop.l           ER3
   62 0001D4 01006D74            62                     pop.l           ER4
   63 0001D8 01006D75            63                     pop.l           ER5
   64 0001DC 01006D76            64                     pop.l           ER6
   65 0001E0 5470                65                     rts
   66        000001E2            66     send            .equ            $
   67 0001E2 01006DF6            67                     push.l          ER6
   68 0001E6 0FF6                68                     mov.l           ER7,ER6
   69 0001E8 01006DF5            69                     push.l          ER5
   70 0001EC 01006DF4            70                     push.l          ER4
   71 0001F0 01006DF3            71                     push.l          ER3
   72 0001F4 01006DF2            72                     push.l          ER2
   73 0001F8 01006DF1            73                     push.l          ER1
   74 0001FC 01006DF0            74                     push.l          ER0
   75 000200 7A3700000004        75                     sub.l           #4,ER7
   76 000206 28BC                76                     mov.b           @ssr1,R0L
   77 000208 17D0                77                     exts.w          R0
   78 00020A 17F0                78                     exts.l          ER0
   79 00020C 01006FE0FFE4        79                     mov.l           ER0,@(-28,ER6)
   80        00000212            80     L0002           .equ            $
   81 000212 01006F60FFE4        81                     mov.l           @(-28,ER6),ER0
   82 000218 01006B2100000450    82                     mov.l           @L0016,ER1
   83 000220 01F06610            83                     and.l           ER1,ER0
   84 000224 01006B210000043C    84                     mov.l           @L0009,ER1
   85 00022C 1F90                85                     cmp.l           ER1,ER0
   86 00022E 5870000A            86                     beq             L0018
   87 000232 7A0000000000        87                     mov.l           #H'00000000,ER0
   88 000238 58000006            88                     bra             L0019
   89 00023C 7A00FFFFFFFF        89     L0018:          mov.l           #H'FFFFFFFF,ER0
   90        00000242            90     L0019           .equ            $
   91 000242 01F06600            91                     and.l           ER0,ER0
   92 000246 5870000E            92                     beq             L0003
   93 00024A 28BC                93                     mov.b           @ssr1,R0L
   94 00024C 17D0                94                     exts.w          R0
   95 00024E 17F0                95                     exts.l          ER0
   96 000250 01006FE0FFE4        96                     mov.l           ER0,@(-28,ER6)
   97 000256 40BA                97                     bra             L0002
   98        00000258            98     L0003           .equ            $
   99 000258 01006F60000C        99                     mov.l           @(12,ER6),ER0
  100 00025E 38BB               100                     mov.b           R0L,@tdr1
  101 000260 01006F60FFE4       101                     mov.l           @(-28,ER6),ER0
  102 000266 01006B2100000454   102                     mov.l           @L0020,ER1
  103 00026E 01F06610           103                     and.l           ER1,ER0
  104 000272 38BC               104                     mov.b           R0L,@ssr1
  105        00000274           105     L0017           .equ            $
  106 000274 7A1700000004       106                     add.l           #4,ER7
  107 00027A 01006D70           107                     pop.l           ER0
  108 00027E 01006D71           108                     pop.l           ER1
  109 000282 01006D72           109                     pop.l           ER2
  110 000286 01006D73           110                     pop.l           ER3
  111 00028A 01006D74           111                     pop.l           ER4
  112 00028E 01006D75           112                     pop.l           ER5
  113 000292 01006D76           113                     pop.l           ER6
  114 000296 5470               114                     rts
*** H8/300H ASSEMBLER (Evaluation software) Ver.1.0 ***     01/16/25 13:06:37                                            PAGE     3
PROGRAM NAME =

  115        00000298           115     receive         .equ            $
  116 000298 01006DF6           116                     push.l          ER6
  117 00029C 0FF6               117                     mov.l           ER7,ER6
  118 00029E 01006DF5           118                     push.l          ER5
  119 0002A2 01006DF4           119                     push.l          ER4
  120 0002A6 01006DF3           120                     push.l          ER3
  121 0002AA 01006DF2           121                     push.l          ER2
  122 0002AE 01006DF1           122                     push.l          ER1
  123 0002B2 01006DF0           123                     push.l          ER0
  124 0002B6 7A3700000008       124                     sub.l           #8,ER7
  125 0002BC 28BC               125                     mov.b           @ssr1,R0L
  126 0002BE 17D0               126                     exts.w          R0
  127 0002C0 17F0               127                     exts.l          ER0
  128 0002C2 01006FE0FFE4       128                     mov.l           ER0,@(-28,ER6)
  129        000002C8           129     L0004           .equ            $
  130 0002C8 01006F60FFE4       130                     mov.l           @(-28,ER6),ER0
  131 0002CE 01006B2100000458   131                     mov.l           @L0022,ER1
  132 0002D6 01F06610           132                     and.l           ER1,ER0
  133 0002DA 01006B210000043C   133                     mov.l           @L0009,ER1
  134 0002E2 1F90               134                     cmp.l           ER1,ER0
  135 0002E4 5870000A           135                     beq             L0023
  136 0002E8 7A0000000000       136                     mov.l           #H'00000000,ER0
  137 0002EE 58000006           137                     bra             L0024
  138 0002F2 7A00FFFFFFFF       138     L0023:          mov.l           #H'FFFFFFFF,ER0
  139        000002F8           139     L0024           .equ            $
  140 0002F8 01F06600           140                     and.l           ER0,ER0
  141 0002FC 5870000E           141                     beq             L0005
  142 000300 28BC               142                     mov.b           @ssr1,R0L
  143 000302 17D0               143                     exts.w          R0
  144 000304 17F0               144                     exts.l          ER0
  145 000306 01006FE0FFE4       145                     mov.l           ER0,@(-28,ER6)
  146 00030C 40BA               146                     bra             L0004
  147        0000030E           147     L0005           .equ            $
  148 00030E 01006F60FFE4       148                     mov.l           @(-28,ER6),ER0
  149 000314 01006B2100000440   149                     mov.l           @L0010,ER1
  150 00031C 01F06610           150                     and.l           ER1,ER0
  151 000320 01006B210000043C   151                     mov.l           @L0009,ER1
  152 000328 1F90               152                     cmp.l           ER1,ER0
  153 00032A 5860000A           153                     bne             L0025
  154 00032E 7A0000000000       154                     mov.l           #H'00000000,ER0
  155 000334 58000006           155                     bra             L0026
  156 000338 7A00FFFFFFFF       156     L0025:          mov.l           #H'FFFFFFFF,ER0
  157        0000033E           157     L0026           .equ            $
  158 00033E 01F06600           158                     and.l           ER0,ER0
  159 000342 58700024           159                     beq             L0006
  160 000346 28BD               160                     mov.b           @rdr1,R0L
  161 000348 17D0               161                     exts.w          R0
  162 00034A 17F0               162                     exts.l          ER0
  163 00034C 01006FE0FFE0       163                     mov.l           ER0,@(-32,ER6)
  164 000352 01006F60FFE4       164                     mov.l           @(-28,ER6),ER0
  165 000358 01006B210000045C   165                     mov.l           @L0027,ER1
  166 000360 01F06610           166                     and.l           ER1,ER0
  167 000364 38BC               167                     mov.b           R0L,@ssr1
  168 000366 58000022           168                     bra             L0007
  169        0000036A           169     L0006           .equ            $
  170 00036A 01006B2000000460   170                     mov.l           @L0028,ER0
  171 000372 01006FE0FFE0       171                     mov.l           ER0,@(-32,ER6)
*** H8/300H ASSEMBLER (Evaluation software) Ver.1.0 ***     01/16/25 13:06:37                                            PAGE     4
PROGRAM NAME =

  172 000378 01006F60FFE4       172                     mov.l           @(-28,ER6),ER0
  173 00037E 01006B2100000464   173                     mov.l           @L0029,ER1
  174 000386 01F06610           174                     and.l           ER1,ER0
  175 00038A 38BC               175                     mov.b           R0L,@ssr1
  176        0000038C           176     L0007           .equ            $
  177 00038C 01006F60FFE0       177                     mov.l           @(-32,ER6),ER0
  178 000392 01006FE00008       178                     mov.l           ER0,@(8,ER6)
  179 000398 58000000           179                     bra             L0021
  180        0000039C           180     L0021           .equ            $
  181 00039C 7A1700000008       181                     add.l           #8,ER7
  182 0003A2 01006D70           182                     pop.l           ER0
  183 0003A6 01006D71           183                     pop.l           ER1
  184 0003AA 01006D72           184                     pop.l           ER2
  185 0003AE 01006D73           185                     pop.l           ER3
  186 0003B2 01006D74           186                     pop.l           ER4
  187 0003B6 01006D75           187                     pop.l           ER5
  188 0003BA 01006D76           188                     pop.l           ER6
  189 0003BE 5470               189                     rts
  190        000003C0           190     main            .equ            $
  191 0003C0 01006B200000043C   191                     mov.l           @L0009,ER0
  192 0003C8 01006DF0           192                     push.l          ER0
  193 0003CC 5C00FD3A           193                     bsr             init
  194 0003D0 01006D70           194                     pop.l           ER0
  195 0003D4 01006B2000000468   195                     mov.l           @L0030,ER0
  196 0003DC 01006DF0           196                     push.l          ER0
  197 0003E0 01006B200000043C   197                     mov.l           @L0009,ER0
  198 0003E8 01006DF0           198                     push.l          ER0
  199 0003EC 5C00FDF2           199                     bsr             send
  200 0003F0 01006D70           200                     pop.l           ER0
  201 0003F4 01006D70           201                     pop.l           ER0
  202        000003F8           202     loop            .equ            $
  203 0003F8 01006B200000043C   203                     mov.l           @L0009,ER0
  204 000400 01006DF0           204                     push.l          ER0
  205 000404 5C00FE90           205                     bsr             receive
  206 000408 01006D70           206                     pop.l           ER0
  207 00040C 6AA800FFBF20       207                     mov.b           R0L,@c
  208 000412 6A2800FFBF20       208                     mov.b           @c,R0L
  209 000418 17D0               209                     exts.w          R0
  210 00041A 17F0               210                     exts.l          ER0
  211 00041C 01006DF0           211                     push.l          ER0
  212 000420 01006B200000043C   212                     mov.l           @L0009,ER0
  213 000428 01006DF0           213                     push.l          ER0
  214 00042C 5C00FDB2           214                     bsr             send
  215 000430 01006D70           215                     pop.l           ER0
  216 000434 01006D70           216                     pop.l           ER0
  217 000438 40BE               217                     bra             loop
  218 00043A 40FE               218                     bra             $
  219 00043C                    219                     .align          2
  220 00043C 00000000           220     L0009           .data.l         H'00000000
  221 000440 00000040           221     L0010           .data.l         H'00000040
  222 000444 00000118           222     L0011           .data.l         H'00000118
  223 000448 00000001           223     L0014           .data.l         H'00000001
  224 00044C 00000030           224     L0015           .data.l         H'00000030
  225 000450 00000080           225     L0016           .data.l         H'00000080
  226 000454 0000007F           226     L0020           .data.l         H'0000007F
  227 000458 00000078           227     L0022           .data.l         H'00000078
  228 00045C 000000BF           228     L0027           .data.l         H'000000BF
*** H8/300H ASSEMBLER (Evaluation software) Ver.1.0 ***     01/16/25 13:06:37                                            PAGE     5
PROGRAM NAME =

  229 000460 00000024           229     L0028           .data.l         H'00000024
  230 000464 000000C7           230     L0029           .data.l         H'000000C7
  231 000468 0000002A           231     L0030           .data.l         H'0000002A
  232 FFBF20                    232                     .section        C,data,locate=H'FFBF20
  233 FFBF20                    233                     .align          2
  234 FFBF20 00000001           234     c               .res.b          1
  235                           235                     .end
  *****TOTAL ERRORS       0
  *****TOTAL WARNINGS     0
*** H8/300H ASSEMBLER (Evaluation software) Ver.1.0 ***     01/16/25 13:06:37                                            PAGE     6

*** CROSS REFERENCE LIST

NAME                             SECTION  ATTR VALUE             SEQUENCE

A                                A        SCT  00000000      2*
B                                B        SCT  00000100      4*
C                                C        SCT  00FFBF20    232*
L0000                            B        EQU  0000015A     31*   46 
L0001                            B        EQU  0000019E     41    47*
L0002                            B        EQU  00000212     80*   97 
L0003                            B        EQU  00000258     92    98*
L0004                            B        EQU  000002C8    129*  146 
L0005                            B        EQU  0000030E    141   147*
L0006                            B        EQU  0000036A    159   169*
L0007                            B        EQU  0000038C    168   176*
L0008                            B        EQU  000001BE     56*
L0009                            B             0000043C     23    25    33    84   133   151   191   197   203   212   220*
L0010                            B             00000440     27   149   221*
L0011                            B             00000444     29   222*
L0012                            B             00000178     35    38*
L0013                            B        EQU  0000017E     37    39*
L0014                            B             00000448     43   223*
L0015                            B             0000044C     48   224*
L0016                            B             00000450     54    82   225*
L0017                            B        EQU  00000274    105*
L0018                            B             0000023C     86    89*
L0019                            B        EQU  00000242     88    90*
L0020                            B             00000454    102   226*
L0021                            B        EQU  0000039C    179   180*
L0022                            B             00000458    131   227*
L0023                            B             000002F2    135   138*
L0024                            B        EQU  000002F8    137   139*
L0025                            B             00000338    153   156*
L0026                            B        EQU  0000033E    155   157*
L0027                            B             0000045C    165   228*
L0028                            B             00000460    170   229*
L0029                            B             00000464    173   230*
L0030                            B             00000468    195   231*
brr1                                      EQU  00FFFFB9      8*   28 
c                                C             00FFBF20    207   208   234*
init                             B        EQU  0000010A     13*  193 
loop                             B        EQU  000003F8    202*  217 
main                             B        EQU  000003C0      6   190*
rdr1                                      EQU  00FFFFBD     12*  160 
receive                          B        EQU  00000298    115*  205 
reset                            B             00000100      3     5*
scr1                                      EQU  00FFFFBA      9*   24    49 
send                             B        EQU  000001E2     66*  199   214 
smr1                                      EQU  00FFFFB8      7*   26 
ssr1                                      EQU  00FFFFBC     11*   50    55    76    93   104   125   142   167   175 
tdr1                                      EQU  00FFFFBB     10*  100 
*** H8/300H ASSEMBLER (Evaluation software) Ver.1.0 ***     01/16/25 13:06:37                                            PAGE     7

*** SECTION DATA LIST

SECTION                          ATTRIBUTE    SIZE             START

A                                ABS-CODE    0000004           000000          
B                                ABS-CODE    000036C           000100          
C                                ABS-DATA    0000001           FFBF20          
