*** H8/300H ASSEMBLER (Evaluation software) Ver.1.0 ***     01/16/25 15:33:00                                            PAGE     1
PROGRAM NAME =

    1                             1                     .cpu            300HA
    2 000000                      2                     .section        A,code,locate=H'000000
    3 000000 00000100             3                     .data.l         reset
    4 000100                      4                     .section        B,code,locate=H'000100
    5 000100 7A0700FFFF10         5     reset:          mov.l           #H'FFFF10,ER7
    6 000106 580002B6             6                     bra             main
    7        00FFFFB8             7     smr1            .equ            H'00FFFFB8
    8        00FFFFB9             8     brr1            .equ            H'00FFFFB9
    9        00FFFFBA             9     scr1            .equ            H'00FFFFBA
   10        00FFFFBB            10     tdr1            .equ            H'00FFFFBB
   11        00FFFFBC            11     ssr1            .equ            H'00FFFFBC
   12        00FFFFBD            12     rdr1            .equ            H'00FFFFBD
   13        0000010A            13     init            .equ            $
   14 00010A 01006DF6            14                     push.l          ER6
   15 00010E 0FF6                15                     mov.l           ER7,ER6
   16 000110 01006DF5            16                     push.l          ER5
   17 000114 01006DF4            17                     push.l          ER4
   18 000118 01006DF3            18                     push.l          ER3
   19 00011C 01006DF2            19                     push.l          ER2
   20 000120 01006DF1            20                     push.l          ER1
   21 000124 01006DF0            21                     push.l          ER0
   22 000128 7A370000000C        22                     sub.l           #12,ER7
   23 00012E 01006B2000000644    23                     mov.l           @L0013,ER0
   24 000136 38BA                24                     mov.b           R0L,@scr1
   25 000138 01006B2000000644    25                     mov.l           @L0013,ER0
   26 000140 38B8                26                     mov.b           R0L,@smr1
   27 000142 01006B2000000648    27                     mov.l           @L0014,ER0
   28 00014A 38B9                28                     mov.b           R0L,@brr1
   29 00014C 01006B200000064C    29                     mov.l           @L0015,ER0
   30 000154 01006FE0FFE4        30                     mov.l           ER0,@(-28,ER6)
   31        0000015A            31     L0000           .equ            $
   32 00015A 01006F60FFE4        32                     mov.l           @(-28,ER6),ER0
   33 000160 01006B2100000644    33                     mov.l           @L0013,ER1
   34 000168 1F90                34                     cmp.l           ER1,ER0
   35 00016A 5860000A            35                     bne             L0016
   36 00016E 7A0000000000        36                     mov.l           #H'00000000,ER0
   37 000174 58000006            37                     bra             L0017
   38 000178 7A00FFFFFFFF        38     L0016:          mov.l           #H'FFFFFFFF,ER0
   39        0000017E            39     L0017           .equ            $
   40 00017E 01F06600            40                     and.l           ER0,ER0
   41 000182 58700018            41                     beq             L0001
   42 000186 01006F60FFE4        42                     mov.l           @(-28,ER6),ER0
   43 00018C 01006B2100000650    43                     mov.l           @L0018,ER1
   44 000194 1A90                44                     sub.l           ER1,ER0
   45 000196 01006FE0FFE4        45                     mov.l           ER0,@(-28,ER6)
   46 00019C 40BC                46                     bra             L0000
   47        0000019E            47     L0001           .equ            $
   48 00019E 01006B2000000654    48                     mov.l           @L0019,ER0
   49 0001A6 38BA                49                     mov.b           R0L,@scr1
   50 0001A8 28BC                50                     mov.b           @ssr1,R0L
   51 0001AA 17D0                51                     exts.w          R0
   52 0001AC 17F0                52                     exts.l          ER0
   53 0001AE 01006FE0FFE0        53                     mov.l           ER0,@(-32,ER6)
   54 0001B4 01006B2000000658    54                     mov.l           @L0020,ER0
   55 0001BC 38BC                55                     mov.b           R0L,@ssr1
   56        000001BE            56     L0012           .equ            $
   57 0001BE 7A170000000C        57                     add.l           #12,ER7
*** H8/300H ASSEMBLER (Evaluation software) Ver.1.0 ***     01/16/25 15:33:00                                            PAGE     2
PROGRAM NAME =

   58 0001C4 01006D70            58                     pop.l           ER0
   59 0001C8 01006D71            59                     pop.l           ER1
   60 0001CC 01006D72            60                     pop.l           ER2
   61 0001D0 01006D73            61                     pop.l           ER3
   62 0001D4 01006D74            62                     pop.l           ER4
   63 0001D8 01006D75            63                     pop.l           ER5
   64 0001DC 01006D76            64                     pop.l           ER6
   65 0001E0 5470                65                     rts
   66        000001E2            66     send            .equ            $
   67 0001E2 01006DF6            67                     push.l          ER6
   68 0001E6 0FF6                68                     mov.l           ER7,ER6
   69 0001E8 01006DF5            69                     push.l          ER5
   70 0001EC 01006DF4            70                     push.l          ER4
   71 0001F0 01006DF3            71                     push.l          ER3
   72 0001F4 01006DF2            72                     push.l          ER2
   73 0001F8 01006DF1            73                     push.l          ER1
   74 0001FC 01006DF0            74                     push.l          ER0
   75 000200 7A3700000004        75                     sub.l           #4,ER7
   76 000206 28BC                76                     mov.b           @ssr1,R0L
   77 000208 17D0                77                     exts.w          R0
   78 00020A 17F0                78                     exts.l          ER0
   79 00020C 01006FE0FFE4        79                     mov.l           ER0,@(-28,ER6)
   80        00000212            80     L0002           .equ            $
   81 000212 01006F60FFE4        81                     mov.l           @(-28,ER6),ER0
   82 000218 01006B2100000658    82                     mov.l           @L0020,ER1
   83 000220 01F06610            83                     and.l           ER1,ER0
   84 000224 01006B2100000644    84                     mov.l           @L0013,ER1
   85 00022C 1F90                85                     cmp.l           ER1,ER0
   86 00022E 5870000A            86                     beq             L0022
   87 000232 7A0000000000        87                     mov.l           #H'00000000,ER0
   88 000238 58000006            88                     bra             L0023
   89 00023C 7A00FFFFFFFF        89     L0022:          mov.l           #H'FFFFFFFF,ER0
   90        00000242            90     L0023           .equ            $
   91 000242 01F06600            91                     and.l           ER0,ER0
   92 000246 5870000E            92                     beq             L0003
   93 00024A 28BC                93                     mov.b           @ssr1,R0L
   94 00024C 17D0                94                     exts.w          R0
   95 00024E 17F0                95                     exts.l          ER0
   96 000250 01006FE0FFE4        96                     mov.l           ER0,@(-28,ER6)
   97 000256 40BA                97                     bra             L0002
   98        00000258            98     L0003           .equ            $
   99 000258 01006F60000C        99                     mov.l           @(12,ER6),ER0
  100 00025E 38BB               100                     mov.b           R0L,@tdr1
  101 000260 01006F60FFE4       101                     mov.l           @(-28,ER6),ER0
  102 000266 01006B210000065C   102                     mov.l           @L0024,ER1
  103 00026E 01F06610           103                     and.l           ER1,ER0
  104 000272 38BC               104                     mov.b           R0L,@ssr1
  105        00000274           105     L0021           .equ            $
  106 000274 7A1700000004       106                     add.l           #4,ER7
  107 00027A 01006D70           107                     pop.l           ER0
  108 00027E 01006D71           108                     pop.l           ER1
  109 000282 01006D72           109                     pop.l           ER2
  110 000286 01006D73           110                     pop.l           ER3
  111 00028A 01006D74           111                     pop.l           ER4
  112 00028E 01006D75           112                     pop.l           ER5
  113 000292 01006D76           113                     pop.l           ER6
  114 000296 5470               114                     rts
*** H8/300H ASSEMBLER (Evaluation software) Ver.1.0 ***     01/16/25 15:33:00                                            PAGE     3
PROGRAM NAME =

  115        00000298           115     receive         .equ            $
  116 000298 01006DF6           116                     push.l          ER6
  117 00029C 0FF6               117                     mov.l           ER7,ER6
  118 00029E 01006DF5           118                     push.l          ER5
  119 0002A2 01006DF4           119                     push.l          ER4
  120 0002A6 01006DF3           120                     push.l          ER3
  121 0002AA 01006DF2           121                     push.l          ER2
  122 0002AE 01006DF1           122                     push.l          ER1
  123 0002B2 01006DF0           123                     push.l          ER0
  124 0002B6 7A3700000008       124                     sub.l           #8,ER7
  125 0002BC 28BC               125                     mov.b           @ssr1,R0L
  126 0002BE 17D0               126                     exts.w          R0
  127 0002C0 17F0               127                     exts.l          ER0
  128 0002C2 01006FE0FFE4       128                     mov.l           ER0,@(-28,ER6)
  129        000002C8           129     L0004           .equ            $
  130 0002C8 01006F60FFE4       130                     mov.l           @(-28,ER6),ER0
  131 0002CE 01006B2100000660   131                     mov.l           @L0026,ER1
  132 0002D6 01F06610           132                     and.l           ER1,ER0
  133 0002DA 01006B2100000644   133                     mov.l           @L0013,ER1
  134 0002E2 1F90               134                     cmp.l           ER1,ER0
  135 0002E4 5870000A           135                     beq             L0027
  136 0002E8 7A0000000000       136                     mov.l           #H'00000000,ER0
  137 0002EE 58000006           137                     bra             L0028
  138 0002F2 7A00FFFFFFFF       138     L0027:          mov.l           #H'FFFFFFFF,ER0
  139        000002F8           139     L0028           .equ            $
  140 0002F8 01F06600           140                     and.l           ER0,ER0
  141 0002FC 5870000E           141                     beq             L0005
  142 000300 28BC               142                     mov.b           @ssr1,R0L
  143 000302 17D0               143                     exts.w          R0
  144 000304 17F0               144                     exts.l          ER0
  145 000306 01006FE0FFE4       145                     mov.l           ER0,@(-28,ER6)
  146 00030C 40BA               146                     bra             L0004
  147        0000030E           147     L0005           .equ            $
  148 00030E 01006F60FFE4       148                     mov.l           @(-28,ER6),ER0
  149 000314 01006B2100000648   149                     mov.l           @L0014,ER1
  150 00031C 01F06610           150                     and.l           ER1,ER0
  151 000320 01006B2100000644   151                     mov.l           @L0013,ER1
  152 000328 1F90               152                     cmp.l           ER1,ER0
  153 00032A 5860000A           153                     bne             L0029
  154 00032E 7A0000000000       154                     mov.l           #H'00000000,ER0
  155 000334 58000006           155                     bra             L0030
  156 000338 7A00FFFFFFFF       156     L0029:          mov.l           #H'FFFFFFFF,ER0
  157        0000033E           157     L0030           .equ            $
  158 00033E 01F06600           158                     and.l           ER0,ER0
  159 000342 58700024           159                     beq             L0006
  160 000346 28BD               160                     mov.b           @rdr1,R0L
  161 000348 17D0               161                     exts.w          R0
  162 00034A 17F0               162                     exts.l          ER0
  163 00034C 01006FE0FFE0       163                     mov.l           ER0,@(-32,ER6)
  164 000352 01006F60FFE4       164                     mov.l           @(-28,ER6),ER0
  165 000358 01006B2100000664   165                     mov.l           @L0031,ER1
  166 000360 01F06610           166                     and.l           ER1,ER0
  167 000364 38BC               167                     mov.b           R0L,@ssr1
  168 000366 58000022           168                     bra             L0007
  169        0000036A           169     L0006           .equ            $
  170 00036A 01006B2000000668   170                     mov.l           @L0032,ER0
  171 000372 01006FE0FFE0       171                     mov.l           ER0,@(-32,ER6)
*** H8/300H ASSEMBLER (Evaluation software) Ver.1.0 ***     01/16/25 15:33:00                                            PAGE     4
PROGRAM NAME =

  172 000378 01006F60FFE4       172                     mov.l           @(-28,ER6),ER0
  173 00037E 01006B210000066C   173                     mov.l           @L0033,ER1
  174 000386 01F06610           174                     and.l           ER1,ER0
  175 00038A 38BC               175                     mov.b           R0L,@ssr1
  176        0000038C           176     L0007           .equ            $
  177 00038C 01006F60FFE0       177                     mov.l           @(-32,ER6),ER0
  178 000392 01006FE00008       178                     mov.l           ER0,@(8,ER6)
  179 000398 58000000           179                     bra             L0025
  180        0000039C           180     L0025           .equ            $
  181 00039C 7A1700000008       181                     add.l           #8,ER7
  182 0003A2 01006D70           182                     pop.l           ER0
  183 0003A6 01006D71           183                     pop.l           ER1
  184 0003AA 01006D72           184                     pop.l           ER2
  185 0003AE 01006D73           185                     pop.l           ER3
  186 0003B2 01006D74           186                     pop.l           ER4
  187 0003B6 01006D75           187                     pop.l           ER5
  188 0003BA 01006D76           188                     pop.l           ER6
  189 0003BE 5470               189                     rts
  190        000003C0           190     main            .equ            $
  191 0003C0 01006B2000000644   191                     mov.l           @L0013,ER0
  192 0003C8 01006DF0           192                     push.l          ER0
  193 0003CC 5C00FD3A           193                     bsr             init
  194 0003D0 01006D70           194                     pop.l           ER0
  195        000003D4           195     loop            .equ            $
  196 0003D4 01006B2000000670   196                     mov.l           @L0034,ER0
  197 0003DC 01006DF0           197                     push.l          ER0
  198 0003E0 01006B2000000644   198                     mov.l           @L0013,ER0
  199 0003E8 01006DF0           199                     push.l          ER0
  200 0003EC 5C00FDF2           200                     bsr             send
  201 0003F0 01006D70           201                     pop.l           ER0
  202 0003F4 01006D70           202                     pop.l           ER0
  203 0003F8 01006B2000000644   203                     mov.l           @L0013,ER0
  204 000400 01006BA000FFC022   204                     mov.l           ER0,@ix
  205 000408 01006B2000000644   205                     mov.l           @L0013,ER0
  206 000410 01006DF0           206                     push.l          ER0
  207 000414 5C00FE80           207                     bsr             receive
  208 000418 01006D70           208                     pop.l           ER0
  209 00041C 6AA800FFBF20       209                     mov.b           R0L,@c
  210 000422 6A2800FFBF20       210                     mov.b           @c,R0L
  211 000428 17D0               211                     exts.w          R0
  212 00042A 17F0               212                     exts.l          ER0
  213 00042C 01006DF0           213                     push.l          ER0
  214 000430 01006B2000000644   214                     mov.l           @L0013,ER0
  215 000438 01006DF0           215                     push.l          ER0
  216 00043C 5C00FDA2           216                     bsr             send
  217 000440 01006D70           217                     pop.l           ER0
  218 000444 01006D70           218                     pop.l           ER0
  219        00000448           219     L0008           .equ            $
  220 000448 01006B2000FFC022   220                     mov.l           @ix,ER0
  221 000450 01006B2100000674   221                     mov.l           @L0035,ER1
  222 000458 1F90               222                     cmp.l           ER1,ER0
  223 00045A 58D0000A           223                     blt             L0036
  224 00045E 7A0000000000       224                     mov.l           #H'00000000,ER0
  225 000464 58000006           225                     bra             L0037
  226 000468 7A00FFFFFFFF       226     L0036:          mov.l           #H'FFFFFFFF,ER0
  227        0000046E           227     L0037           .equ            $
  228 00046E 6A2900FFBF20       228                     mov.b           @c,R1L
*** H8/300H ASSEMBLER (Evaluation software) Ver.1.0 ***     01/16/25 15:33:00                                            PAGE     5
PROGRAM NAME =

  229 000474 17D1               229                     exts.w          R1
  230 000476 17F1               230                     exts.l          ER1
  231 000478 01006B2200000678   231                     mov.l           @L0038,ER2
  232 000480 1FA1               232                     cmp.l           ER2,ER1
  233 000482 5860000A           233                     bne             L0039
  234 000486 7A0100000000       234                     mov.l           #H'00000000,ER1
  235 00048C 58000006           235                     bra             L0040
  236 000490 7A01FFFFFFFF       236     L0039:          mov.l           #H'FFFFFFFF,ER1
  237        00000496           237     L0040           .equ            $
  238 000496 01F06610           238                     and.l           ER1,ER0
  239 00049A 01F06600           239                     and.l           ER0,ER0
  240 00049E 5870007A           240                     beq             L0009
  241 0004A2 7A0000FFBF21       241                     mov.l           #buffer,ER0
  242 0004A8 01006B2100FFC022   242                     mov.l           @ix,ER1
  243 0004B0 0A90               243                     add.l           ER1,ER0
  244 0004B2 6A2900FFBF20       244                     mov.b           @c,R1L
  245 0004B8 17D1               245                     exts.w          R1
  246 0004BA 17F1               246                     exts.l          ER1
  247 0004BC 6889               247                     mov.b           R1L,@ER0
  248 0004BE 01006B2100FFC022   248                     mov.l           @ix,ER1
  249 0004C6 01006B2000000650   249                     mov.l           @L0018,ER0
  250 0004CE 0A81               250                     add.l           ER0,ER1
  251 0004D0 01006BA100FFC022   251                     mov.l           ER1,@ix
  252 0004D8 01006B2100000644   252                     mov.l           @L0013,ER1
  253 0004E0 01006DF1           253                     push.l          ER1
  254 0004E4 5C00FDB0           254                     bsr             receive
  255 0004E8 01006D71           255                     pop.l           ER1
  256 0004EC 6AA900FFBF20       256                     mov.b           R1L,@c
  257 0004F2 6A2900FFBF20       257                     mov.b           @c,R1L
  258 0004F8 17D1               258                     exts.w          R1
  259 0004FA 17F1               259                     exts.l          ER1
  260 0004FC 01006DF1           260                     push.l          ER1
  261 000500 01006B2100000644   261                     mov.l           @L0013,ER1
  262 000508 01006DF1           262                     push.l          ER1
  263 00050C 5C00FCD2           263                     bsr             send
  264 000510 01006D71           264                     pop.l           ER1
  265 000514 01006D71           265                     pop.l           ER1
  266 000518 5800FF2C           266                     bra             L0008
  267        0000051C           267     L0009           .equ            $
  268 00051C 7A0100FFBF21       268                     mov.l           #buffer,ER1
  269 000522 01006B2000FFC022   269                     mov.l           @ix,ER0
  270 00052A 0A81               270                     add.l           ER0,ER1
  271 00052C 01006B2000000644   271                     mov.l           @L0013,ER0
  272 000534 6898               272                     mov.b           R0L,@ER1
  273 000536 01006B200000067C   273                     mov.l           @L0041,ER0
  274 00053E 01006DF0           274                     push.l          ER0
  275 000542 01006B2000000644   275                     mov.l           @L0013,ER0
  276 00054A 01006DF0           276                     push.l          ER0
  277 00054E 5C00FC90           277                     bsr             send
  278 000552 01006D70           278                     pop.l           ER0
  279 000556 01006D70           279                     pop.l           ER0
  280 00055A 01006B2000000644   280                     mov.l           @L0013,ER0
  281 000562 01006BA000FFC022   281                     mov.l           ER0,@ix
  282        0000056A           282     L0010           .equ            $
  283 00056A 7A0000FFBF21       283                     mov.l           #buffer,ER0
  284 000570 01006B2100FFC022   284                     mov.l           @ix,ER1
  285 000578 0A90               285                     add.l           ER1,ER0
*** H8/300H ASSEMBLER (Evaluation software) Ver.1.0 ***     01/16/25 15:33:00                                            PAGE     6
PROGRAM NAME =

  286 00057A 6808               286                     mov.b           @ER0,R0L
  287 00057C 17D0               287                     exts.w          R0
  288 00057E 17F0               288                     exts.l          ER0
  289 000580 01006B2100000644   289                     mov.l           @L0013,ER1
  290 000588 1F90               290                     cmp.l           ER1,ER0
  291 00058A 5860000A           291                     bne             L0042
  292 00058E 7A0000000000       292                     mov.l           #H'00000000,ER0
  293 000594 58000006           293                     bra             L0043
  294 000598 7A00FFFFFFFF       294     L0042:          mov.l           #H'FFFFFFFF,ER0
  295        0000059E           295     L0043           .equ            $
  296 00059E 01F06600           296                     and.l           ER0,ER0
  297 0005A2 58700050           297                     beq             L0011
  298 0005A6 7A0000FFBF21       298                     mov.l           #buffer,ER0
  299 0005AC 01006B2100FFC022   299                     mov.l           @ix,ER1
  300 0005B4 0A90               300                     add.l           ER1,ER0
  301 0005B6 6808               301                     mov.b           @ER0,R0L
  302 0005B8 17D0               302                     exts.w          R0
  303 0005BA 17F0               303                     exts.l          ER0
  304 0005BC 01006DF0           304                     push.l          ER0
  305 0005C0 01006B2000000644   305                     mov.l           @L0013,ER0
  306 0005C8 01006DF0           306                     push.l          ER0
  307 0005CC 5C00FC12           307                     bsr             send
  308 0005D0 01006D70           308                     pop.l           ER0
  309 0005D4 01006D70           309                     pop.l           ER0
  310 0005D8 01006B2000FFC022   310                     mov.l           @ix,ER0
  311 0005E0 01006B2100000650   311                     mov.l           @L0018,ER1
  312 0005E8 0A90               312                     add.l           ER1,ER0
  313 0005EA 01006BA000FFC022   313                     mov.l           ER0,@ix
  314 0005F2 5800FF74           314                     bra             L0010
  315        000005F6           315     L0011           .equ            $
  316 0005F6 01006B2000000678   316                     mov.l           @L0038,ER0
  317 0005FE 01006DF0           317                     push.l          ER0
  318 000602 01006B2000000644   318                     mov.l           @L0013,ER0
  319 00060A 01006DF0           319                     push.l          ER0
  320 00060E 5C00FBD0           320                     bsr             send
  321 000612 01006D70           321                     pop.l           ER0
  322 000616 01006D70           322                     pop.l           ER0
  323 00061A 01006B200000067C   323                     mov.l           @L0041,ER0
  324 000622 01006DF0           324                     push.l          ER0
  325 000626 01006B2000000644   325                     mov.l           @L0013,ER0
  326 00062E 01006DF0           326                     push.l          ER0
  327 000632 5C00FBAC           327                     bsr             send
  328 000636 01006D70           328                     pop.l           ER0
  329 00063A 01006D70           329                     pop.l           ER0
  330 00063E 5800FD92           330                     bra             loop
  331 000642 40FE               331                     bra             $
  332 000644                    332                     .align          2
  333 000644 00000000           333     L0013           .data.l         H'00000000
  334 000648 00000040           334     L0014           .data.l         H'00000040
  335 00064C 00000118           335     L0015           .data.l         H'00000118
  336 000650 00000001           336     L0018           .data.l         H'00000001
  337 000654 00000030           337     L0019           .data.l         H'00000030
  338 000658 00000080           338     L0020           .data.l         H'00000080
  339 00065C 0000007F           339     L0024           .data.l         H'0000007F
  340 000660 00000078           340     L0026           .data.l         H'00000078
  341 000664 000000BF           341     L0031           .data.l         H'000000BF
  342 000668 00000024           342     L0032           .data.l         H'00000024
*** H8/300H ASSEMBLER (Evaluation software) Ver.1.0 ***     01/16/25 15:33:00                                            PAGE     7
PROGRAM NAME =

  343 00066C 000000C7           343     L0033           .data.l         H'000000C7
  344 000670 0000002A           344     L0034           .data.l         H'0000002A
  345 000674 00000100           345     L0035           .data.l         H'00000100
  346 000678 0000000D           346     L0038           .data.l         H'0000000D
  347 00067C 0000000A           347     L0041           .data.l         H'0000000A
  348 FFBF20                    348                     .section        C,data,locate=H'FFBF20
  349 FFBF20                    349                     .align          2
  350 FFBF20 00000001           350     c               .res.b          1
  351 FFBF21 00000100           351     buffer          .res.b          256
  352 FFC022                    352                     .align          2
  353 FFC022 00000004           353     ix              .res.l          1
  354                           354                     .end
  *****TOTAL ERRORS       0
  *****TOTAL WARNINGS     0
*** H8/300H ASSEMBLER (Evaluation software) Ver.1.0 ***     01/16/25 15:33:00                                            PAGE     8

*** CROSS REFERENCE LIST

NAME                             SECTION  ATTR VALUE             SEQUENCE

A                                A        SCT  00000000      2*
B                                B        SCT  00000100      4*
C                                C        SCT  00FFBF20    348*
L0000                            B        EQU  0000015A     31*   46 
L0001                            B        EQU  0000019E     41    47*
L0002                            B        EQU  00000212     80*   97 
L0003                            B        EQU  00000258     92    98*
L0004                            B        EQU  000002C8    129*  146 
L0005                            B        EQU  0000030E    141   147*
L0006                            B        EQU  0000036A    159   169*
L0007                            B        EQU  0000038C    168   176*
L0008                            B        EQU  00000448    219*  266 
L0009                            B        EQU  0000051C    240   267*
L0010                            B        EQU  0000056A    282*  314 
L0011                            B        EQU  000005F6    297   315*
L0012                            B        EQU  000001BE     56*
L0013                            B             00000644     23    25    33    84   133   151   191   198   203   205   214   252 
                                                           261   271   275   280   289   305   318   325   333*
L0014                            B             00000648     27   149   334*
L0015                            B             0000064C     29   335*
L0016                            B             00000178     35    38*
L0017                            B        EQU  0000017E     37    39*
L0018                            B             00000650     43   249   311   336*
L0019                            B             00000654     48   337*
L0020                            B             00000658     54    82   338*
L0021                            B        EQU  00000274    105*
L0022                            B             0000023C     86    89*
L0023                            B        EQU  00000242     88    90*
L0024                            B             0000065C    102   339*
L0025                            B        EQU  0000039C    179   180*
L0026                            B             00000660    131   340*
L0027                            B             000002F2    135   138*
L0028                            B        EQU  000002F8    137   139*
L0029                            B             00000338    153   156*
L0030                            B        EQU  0000033E    155   157*
L0031                            B             00000664    165   341*
L0032                            B             00000668    170   342*
L0033                            B             0000066C    173   343*
L0034                            B             00000670    196   344*
L0035                            B             00000674    221   345*
L0036                            B             00000468    223   226*
L0037                            B        EQU  0000046E    225   227*
L0038                            B             00000678    231   316   346*
L0039                            B             00000490    233   236*
L0040                            B        EQU  00000496    235   237*
L0041                            B             0000067C    273   323   347*
L0042                            B             00000598    291   294*
L0043                            B        EQU  0000059E    293   295*
brr1                                      EQU  00FFFFB9      8*   28 
buffer                           C             00FFBF21    241   268   283   298   351*
c                                C             00FFBF20    209   210   228   244   256   257   350*
init                             B        EQU  0000010A     13*  193 
ix                               C             00FFC022    204   220   242   248   251   269   281   284   299   310   313   353*
loop                             B        EQU  000003D4    195*  330 
*** H8/300H ASSEMBLER (Evaluation software) Ver.1.0 ***     01/16/25 15:33:00                                            PAGE     9

*** CROSS REFERENCE LIST

NAME                             SECTION  ATTR VALUE             SEQUENCE

main                             B        EQU  000003C0      6   190*
rdr1                                      EQU  00FFFFBD     12*  160 
receive                          B        EQU  00000298    115*  207   254 
reset                            B             00000100      3     5*
scr1                                      EQU  00FFFFBA      9*   24    49 
send                             B        EQU  000001E2     66*  200   216   263   277   307   320   327 
smr1                                      EQU  00FFFFB8      7*   26 
ssr1                                      EQU  00FFFFBC     11*   50    55    76    93   104   125   142   167   175 
tdr1                                      EQU  00FFFFBB     10*  100 
*** H8/300H ASSEMBLER (Evaluation software) Ver.1.0 ***     01/16/25 15:33:00                                            PAGE    10

*** SECTION DATA LIST

SECTION                          ATTRIBUTE    SIZE             START

A                                ABS-CODE    0000004           000000          
B                                ABS-CODE    0000580           000100          
C                                ABS-DATA    0000106           FFBF20          
