7	LPAR	[(]
8	ID	[a]
9	ID	[a1b2c3d4e]
10	IF	[if]
11	THEN	[then]
11	ELSE	[else]
11	WHILE	[while]
11	DO	[do]
11	REPEAT	[repeat]
11	UNTIL	[until]
11	BEGIN	[begin]
11	END	[end]
11	LONG	[long]
11	WORD	[word]
11	BYTE	[byte]
11	GOTO	[goto]
12	AND	[and]
12	OR	[or]
12	NOT	[not]
13	NUM	[0]	[0]
14	NUM	[1]	[1]
14	NUM	[2]	[2]
14	NUM	[3]	[3]
14	NUM	[4]	[4]
14	NUM	[5]	[5]
14	NUM	[6]	[6]
14	NUM	[7]	[7]
14	NUM	[8]	[8]
14	NUM	[9]	[9]
14	NUM	[10]	[10]
15	NUM	[01234]	[1234]
16	NUM	[01234]	[1234]
16	LPAR	[(]
16	NUM	[01234]	[1234]
16	RPAR	[)]
17	NUM	[01234]	[1234]
17	LPAR	[(]
17	NUM	[01234]	[1234]
17	RPAR	[)]
18	NUM	[0x0]	[0]
18	NUM	[0x1]	[1]
18	NUM	[0x2]	[2]
18	NUM	[0x3]	[3]
18	NUM	[0x4]	[4]
18	NUM	[0x5]	[5]
18	NUM	[0x6]	[6]
18	NUM	[0x7]	[7]
18	NUM	[0x8]	[8]
18	NUM	[0x9]	[9]
18	NUM	[0xa]	[10]
18	NUM	[0xb]	[11]
18	NUM	[0xc]	[12]
18	NUM	[0xd]	[13]
18	NUM	[0xe]	[14]
18	NUM	[0xf]	[15]
19	NUM	[0xA]	[10]
19	NUM	[0xB]	[11]
19	NUM	[0xC]	[12]
19	NUM	[0xD]	[13]
19	NUM	[0xE]	[14]
19	NUM	[0xF]	[15]
20	NUM	[0xABCD]	[43981]
20	NUM	[0xabcd]	[43981]
20	NUM	[0x00123]	[291]
20	NUM	[0xEF0123]	[15663395]
21	NUM	[0]	[0]
21	ID	[abc]
22	NUM	[0]	[0]
22	ID	[XAB12]
23	ERROR	[0x]
24	NUM	['a']	[97]
24	NUM	[' ']	[32]
24	NUM	['\n']	[10]
24	NUM	['\t']	[9]
24	NUM	['\0']	[0]
24	NUM	['\'']	[39]
24	NUM	['\"']	[34]
24	NUM	['\\']	[92]
24	NUM	['n']	[110]
24	NUM	['t']	[116]
24	NUM	['0']	[48]
25	COL	[:]
25	COLEQ	[:=]
25	LT	[<]
25	LE	[<=]
25	NE	[<>]
25	LT	[<]
25	ID	[a]
25	GT	[>]
25	GE	[>=]
25	NE	[><]
25	GT	[>]
25	ID	[a]
25	EQ	[=]
25	LE	[=<]
25	GE	[=>]
25	EQ	[=]
25	ID	[a]
26	LPAR	[(]
26	RPAR	[)]
26	PLUS	[+]
26	MINUS	[-]
26	ASTER	[*]
26	SLASH	[/]
26	SEMICOL	[;]
26	ERROR	[&]
26	ERROR	[#]
27	LPAR	[(]
27	RPAR	[)]
27	PLUS	[+]
27	MINUS	[-]
27	ASTER	[*]
27	SLASH	[/]
27	SEMICOL	[;]
27	ERROR	[&]
27	ERROR	[#]
28	SLASH	[/]
28	SLASH	[/]
28	ID	[done]
